2020-11-06 17:29:30,389 DEBUG    root            Loaded Command Group: ['gcloud', 'components']
2020-11-06 17:29:30,393 DEBUG    root            Loaded Command Group: ['gcloud', 'components', 'update']
2020-11-06 17:29:30,399 DEBUG    root            Running [gcloud.components.update] with arguments: [--allow-no-backup: "True", --quiet: "True", COMPONENT-IDS:7: "['core', 'gcloud-deps', 'bq', 'gcloud', 'gsutil', 'anthoscli', 'kuberun']"]
2020-11-06 17:29:42,556 INFO     ___FILE_ONLY___ 

2020-11-06 17:29:42,557 INFO     ___FILE_ONLY___ 
Your current Cloud SDK version is: 317.0.0

2020-11-06 17:29:42,557 INFO     ___FILE_ONLY___ Installing components from version: 317.0.0

2020-11-06 17:29:42,557 INFO     ___FILE_ONLY___ 

2020-11-06 17:29:42,569 INFO     ___FILE_ONLY___ ┌─────────────────────────────────────────────────────────────────────────────┐
2020-11-06 17:29:42,569 INFO     ___FILE_ONLY___ 

2020-11-06 17:29:42,569 INFO     ___FILE_ONLY___ │                     These components will be installed.                     │
2020-11-06 17:29:42,569 INFO     ___FILE_ONLY___ 

2020-11-06 17:29:42,569 INFO     ___FILE_ONLY___ ├─────────────────────────────────────────────────────┬────────────┬──────────┤
2020-11-06 17:29:42,569 INFO     ___FILE_ONLY___ 

2020-11-06 17:29:42,570 INFO     ___FILE_ONLY___ │                         Name                        │  Version   │   Size   │
2020-11-06 17:29:42,570 INFO     ___FILE_ONLY___ 

2020-11-06 17:29:42,570 INFO     ___FILE_ONLY___ ├─────────────────────────────────────────────────────┼────────────┼──────────┤
2020-11-06 17:29:42,570 INFO     ___FILE_ONLY___ 

2020-11-06 17:29:42,570 INFO     ___FILE_ONLY___ │ 
2020-11-06 17:29:42,570 INFO     ___FILE_ONLY___ BigQuery Command Line Tool                         
2020-11-06 17:29:42,570 INFO     ___FILE_ONLY___  
2020-11-06 17:29:42,570 INFO     ___FILE_ONLY___ │ 
2020-11-06 17:29:42,570 INFO     ___FILE_ONLY___     2.0.62
2020-11-06 17:29:42,570 INFO     ___FILE_ONLY___  
2020-11-06 17:29:42,570 INFO     ___FILE_ONLY___ │ 
2020-11-06 17:29:42,571 INFO     ___FILE_ONLY___  < 1 MiB
2020-11-06 17:29:42,571 INFO     ___FILE_ONLY___  
2020-11-06 17:29:42,571 INFO     ___FILE_ONLY___ │
2020-11-06 17:29:42,571 INFO     ___FILE_ONLY___ 

2020-11-06 17:29:42,571 INFO     ___FILE_ONLY___ │ 
2020-11-06 17:29:42,571 INFO     ___FILE_ONLY___ BigQuery Command Line Tool (Platform Specific)     
2020-11-06 17:29:42,571 INFO     ___FILE_ONLY___  
2020-11-06 17:29:42,571 INFO     ___FILE_ONLY___ │ 
2020-11-06 17:29:42,571 INFO     ___FILE_ONLY___     2.0.58
2020-11-06 17:29:42,571 INFO     ___FILE_ONLY___  
2020-11-06 17:29:42,571 INFO     ___FILE_ONLY___ │ 
2020-11-06 17:29:42,571 INFO     ___FILE_ONLY___  < 1 MiB
2020-11-06 17:29:42,571 INFO     ___FILE_ONLY___  
2020-11-06 17:29:42,572 INFO     ___FILE_ONLY___ │
2020-11-06 17:29:42,572 INFO     ___FILE_ONLY___ 

2020-11-06 17:29:42,572 INFO     ___FILE_ONLY___ │ 
2020-11-06 17:29:42,572 INFO     ___FILE_ONLY___ Cloud SDK Core Libraries (Platform Specific)       
2020-11-06 17:29:42,572 INFO     ___FILE_ONLY___  
2020-11-06 17:29:42,572 INFO     ___FILE_ONLY___ │ 
2020-11-06 17:29:42,572 INFO     ___FILE_ONLY___ 2020.07.10
2020-11-06 17:29:42,572 INFO     ___FILE_ONLY___  
2020-11-06 17:29:42,572 INFO     ___FILE_ONLY___ │ 
2020-11-06 17:29:42,572 INFO     ___FILE_ONLY___  < 1 MiB
2020-11-06 17:29:42,572 INFO     ___FILE_ONLY___  
2020-11-06 17:29:42,572 INFO     ___FILE_ONLY___ │
2020-11-06 17:29:42,572 INFO     ___FILE_ONLY___ 

2020-11-06 17:29:42,573 INFO     ___FILE_ONLY___ │ 
2020-11-06 17:29:42,573 INFO     ___FILE_ONLY___ Cloud Storage Command Line Tool                    
2020-11-06 17:29:42,573 INFO     ___FILE_ONLY___  
2020-11-06 17:29:42,573 INFO     ___FILE_ONLY___ │ 
2020-11-06 17:29:42,573 INFO     ___FILE_ONLY___       4.54
2020-11-06 17:29:42,573 INFO     ___FILE_ONLY___  
2020-11-06 17:29:42,573 INFO     ___FILE_ONLY___ │ 
2020-11-06 17:29:42,573 INFO     ___FILE_ONLY___  3.5 MiB
2020-11-06 17:29:42,573 INFO     ___FILE_ONLY___  
2020-11-06 17:29:42,573 INFO     ___FILE_ONLY___ │
2020-11-06 17:29:42,573 INFO     ___FILE_ONLY___ 

2020-11-06 17:29:42,573 INFO     ___FILE_ONLY___ │ 
2020-11-06 17:29:42,574 INFO     ___FILE_ONLY___ Cloud Storage Command Line Tool (Platform Specific)
2020-11-06 17:29:42,574 INFO     ___FILE_ONLY___  
2020-11-06 17:29:42,574 INFO     ___FILE_ONLY___ │ 
2020-11-06 17:29:42,574 INFO     ___FILE_ONLY___       4.51
2020-11-06 17:29:42,574 INFO     ___FILE_ONLY___  
2020-11-06 17:29:42,574 INFO     ___FILE_ONLY___ │ 
2020-11-06 17:29:42,574 INFO     ___FILE_ONLY___  < 1 MiB
2020-11-06 17:29:42,574 INFO     ___FILE_ONLY___  
2020-11-06 17:29:42,574 INFO     ___FILE_ONLY___ │
2020-11-06 17:29:42,574 INFO     ___FILE_ONLY___ 

2020-11-06 17:29:42,574 INFO     ___FILE_ONLY___ │ 
2020-11-06 17:29:42,574 INFO     ___FILE_ONLY___ Default set of gcloud commands                     
2020-11-06 17:29:42,575 INFO     ___FILE_ONLY___  
2020-11-06 17:29:42,575 INFO     ___FILE_ONLY___ │ 
2020-11-06 17:29:42,575 INFO     ___FILE_ONLY___           
2020-11-06 17:29:42,575 INFO     ___FILE_ONLY___  
2020-11-06 17:29:42,575 INFO     ___FILE_ONLY___ │ 
2020-11-06 17:29:42,575 INFO     ___FILE_ONLY___         
2020-11-06 17:29:42,575 INFO     ___FILE_ONLY___  
2020-11-06 17:29:42,575 INFO     ___FILE_ONLY___ │
2020-11-06 17:29:42,575 INFO     ___FILE_ONLY___ 

2020-11-06 17:29:42,575 INFO     ___FILE_ONLY___ │ 
2020-11-06 17:29:42,575 INFO     ___FILE_ONLY___ Kuberun                                            
2020-11-06 17:29:42,575 INFO     ___FILE_ONLY___  
2020-11-06 17:29:42,576 INFO     ___FILE_ONLY___ │ 
2020-11-06 17:29:42,576 INFO     ___FILE_ONLY___      0.0.1
2020-11-06 17:29:42,576 INFO     ___FILE_ONLY___  
2020-11-06 17:29:42,576 INFO     ___FILE_ONLY___ │ 
2020-11-06 17:29:42,576 INFO     ___FILE_ONLY___ 22.5 MiB
2020-11-06 17:29:42,576 INFO     ___FILE_ONLY___  
2020-11-06 17:29:42,576 INFO     ___FILE_ONLY___ │
2020-11-06 17:29:42,576 INFO     ___FILE_ONLY___ 

2020-11-06 17:29:42,576 INFO     ___FILE_ONLY___ │ 
2020-11-06 17:29:42,576 INFO     ___FILE_ONLY___ Kuberun                                            
2020-11-06 17:29:42,576 INFO     ___FILE_ONLY___  
2020-11-06 17:29:42,576 INFO     ___FILE_ONLY___ │ 
2020-11-06 17:29:42,576 INFO     ___FILE_ONLY___      0.0.1
2020-11-06 17:29:42,577 INFO     ___FILE_ONLY___  
2020-11-06 17:29:42,577 INFO     ___FILE_ONLY___ │ 
2020-11-06 17:29:42,577 INFO     ___FILE_ONLY___         
2020-11-06 17:29:42,577 INFO     ___FILE_ONLY___  
2020-11-06 17:29:42,577 INFO     ___FILE_ONLY___ │
2020-11-06 17:29:42,577 INFO     ___FILE_ONLY___ 

2020-11-06 17:29:42,577 INFO     ___FILE_ONLY___ │ 
2020-11-06 17:29:42,577 INFO     ___FILE_ONLY___ anthoscli                                          
2020-11-06 17:29:42,577 INFO     ___FILE_ONLY___  
2020-11-06 17:29:42,577 INFO     ___FILE_ONLY___ │ 
2020-11-06 17:29:42,577 INFO     ___FILE_ONLY___      0.2.7
2020-11-06 17:29:42,577 INFO     ___FILE_ONLY___  
2020-11-06 17:29:42,578 INFO     ___FILE_ONLY___ │ 
2020-11-06 17:29:42,578 INFO     ___FILE_ONLY___ 51.7 MiB
2020-11-06 17:29:42,578 INFO     ___FILE_ONLY___  
2020-11-06 17:29:42,578 INFO     ___FILE_ONLY___ │
2020-11-06 17:29:42,578 INFO     ___FILE_ONLY___ 

2020-11-06 17:29:42,578 INFO     ___FILE_ONLY___ │ 
2020-11-06 17:29:42,578 INFO     ___FILE_ONLY___ anthoscli                                          
2020-11-06 17:29:42,578 INFO     ___FILE_ONLY___  
2020-11-06 17:29:42,578 INFO     ___FILE_ONLY___ │ 
2020-11-06 17:29:42,578 INFO     ___FILE_ONLY___      0.2.7
2020-11-06 17:29:42,578 INFO     ___FILE_ONLY___  
2020-11-06 17:29:42,578 INFO     ___FILE_ONLY___ │ 
2020-11-06 17:29:42,579 INFO     ___FILE_ONLY___         
2020-11-06 17:29:42,579 INFO     ___FILE_ONLY___  
2020-11-06 17:29:42,579 INFO     ___FILE_ONLY___ │
2020-11-06 17:29:42,579 INFO     ___FILE_ONLY___ 

2020-11-06 17:29:42,579 INFO     ___FILE_ONLY___ │ 
2020-11-06 17:29:42,579 INFO     ___FILE_ONLY___ gcloud cli dependencies                            
2020-11-06 17:29:42,579 INFO     ___FILE_ONLY___  
2020-11-06 17:29:42,579 INFO     ___FILE_ONLY___ │ 
2020-11-06 17:29:42,579 INFO     ___FILE_ONLY___ 2020.06.12
2020-11-06 17:29:42,579 INFO     ___FILE_ONLY___  
2020-11-06 17:29:42,579 INFO     ___FILE_ONLY___ │ 
2020-11-06 17:29:42,579 INFO     ___FILE_ONLY___  < 1 MiB
2020-11-06 17:29:42,579 INFO     ___FILE_ONLY___  
2020-11-06 17:29:42,580 INFO     ___FILE_ONLY___ │
2020-11-06 17:29:42,580 INFO     ___FILE_ONLY___ 

2020-11-06 17:29:42,580 INFO     ___FILE_ONLY___ └─────────────────────────────────────────────────────┴────────────┴──────────┘
2020-11-06 17:29:42,580 INFO     ___FILE_ONLY___ 

2020-11-06 17:29:42,580 INFO     ___FILE_ONLY___ 

2020-11-06 17:29:42,694 INFO     ___FILE_ONLY___ For the latest full release notes, please visit:
  https://cloud.google.com/sdk/release_notes


2020-11-06 17:29:42,699 INFO     ___FILE_ONLY___ ╔════════════════════════════════════════════════════════════╗

2020-11-06 17:29:42,699 INFO     ___FILE_ONLY___ ╠═ Creating update staging area                             ═╣

2020-11-06 17:29:42,699 INFO     ___FILE_ONLY___ ╚
2020-11-06 17:29:42,700 INFO     ___FILE_ONLY___ ══════
2020-11-06 17:29:42,700 INFO     ___FILE_ONLY___ ══════
2020-11-06 17:29:42,700 INFO     ___FILE_ONLY___ ══════
2020-11-06 17:29:42,922 INFO     ___FILE_ONLY___ ═
2020-11-06 17:29:42,961 INFO     ___FILE_ONLY___ ═
2020-11-06 17:29:42,995 INFO     ___FILE_ONLY___ ═
2020-11-06 17:29:43,032 INFO     ___FILE_ONLY___ ═
2020-11-06 17:29:43,070 INFO     ___FILE_ONLY___ ═
2020-11-06 17:29:43,105 INFO     ___FILE_ONLY___ ═
2020-11-06 17:29:43,131 INFO     ___FILE_ONLY___ ═
2020-11-06 17:29:43,185 INFO     ___FILE_ONLY___ ═
2020-11-06 17:29:43,226 INFO     ___FILE_ONLY___ ═
2020-11-06 17:29:43,277 INFO     ___FILE_ONLY___ ═
2020-11-06 17:29:43,315 INFO     ___FILE_ONLY___ ═
2020-11-06 17:29:43,358 INFO     ___FILE_ONLY___ ═
2020-11-06 17:29:43,411 INFO     ___FILE_ONLY___ ═
2020-11-06 17:29:43,450 INFO     ___FILE_ONLY___ ═
2020-11-06 17:29:43,501 INFO     ___FILE_ONLY___ ═
2020-11-06 17:29:43,580 INFO     ___FILE_ONLY___ ═
2020-11-06 17:29:43,614 INFO     ___FILE_ONLY___ ═
2020-11-06 17:29:43,656 INFO     ___FILE_ONLY___ ═
2020-11-06 17:29:43,697 INFO     ___FILE_ONLY___ ═
2020-11-06 17:29:43,733 INFO     ___FILE_ONLY___ ═
2020-11-06 17:29:43,775 INFO     ___FILE_ONLY___ ═
2020-11-06 17:29:43,811 INFO     ___FILE_ONLY___ ═
2020-11-06 17:29:43,850 INFO     ___FILE_ONLY___ ═
2020-11-06 17:29:43,887 INFO     ___FILE_ONLY___ ═
2020-11-06 17:29:43,937 INFO     ___FILE_ONLY___ ═
2020-11-06 17:29:43,989 INFO     ___FILE_ONLY___ ═
2020-11-06 17:29:44,027 INFO     ___FILE_ONLY___ ═
2020-11-06 17:29:44,167 INFO     ___FILE_ONLY___ ═
2020-11-06 17:29:44,228 INFO     ___FILE_ONLY___ ═
2020-11-06 17:29:44,331 INFO     ___FILE_ONLY___ ═
2020-11-06 17:29:44,420 INFO     ___FILE_ONLY___ ═
2020-11-06 17:29:44,446 INFO     ___FILE_ONLY___ ═
2020-11-06 17:29:44,465 INFO     ___FILE_ONLY___ ═
2020-11-06 17:29:44,485 INFO     ___FILE_ONLY___ ═
2020-11-06 17:29:44,508 INFO     ___FILE_ONLY___ ═
2020-11-06 17:29:44,539 INFO     ___FILE_ONLY___ ═
2020-11-06 17:29:44,562 INFO     ___FILE_ONLY___ ═
2020-11-06 17:29:44,582 INFO     ___FILE_ONLY___ ═
2020-11-06 17:29:44,601 INFO     ___FILE_ONLY___ ═
2020-11-06 17:29:44,625 INFO     ___FILE_ONLY___ ═
2020-11-06 17:29:44,669 INFO     ___FILE_ONLY___ ═
2020-11-06 17:29:44,732 INFO     ___FILE_ONLY___ ═
2020-11-06 17:29:44,733 INFO     ___FILE_ONLY___ ╝

2020-11-06 17:29:44,794 INFO     ___FILE_ONLY___ ╔════════════════════════════════════════════════════════════╗

2020-11-06 17:29:44,795 INFO     ___FILE_ONLY___ ╠═ Installing: BigQuery Command Line Tool                   ═╣

2020-11-06 17:29:44,795 INFO     ___FILE_ONLY___ ╚
2020-11-06 17:29:44,831 INFO     ___FILE_ONLY___ ═
2020-11-06 17:29:44,832 INFO     ___FILE_ONLY___ ═
2020-11-06 17:29:44,833 INFO     ___FILE_ONLY___ ═
2020-11-06 17:29:44,833 INFO     ___FILE_ONLY___ ═
2020-11-06 17:29:44,833 INFO     ___FILE_ONLY___ ═
2020-11-06 17:29:44,834 INFO     ___FILE_ONLY___ ═
2020-11-06 17:29:44,834 INFO     ___FILE_ONLY___ ═
2020-11-06 17:29:44,835 INFO     ___FILE_ONLY___ ═
2020-11-06 17:29:44,835 INFO     ___FILE_ONLY___ ═
2020-11-06 17:29:44,836 INFO     ___FILE_ONLY___ ═
2020-11-06 17:29:44,836 INFO     ___FILE_ONLY___ ═
2020-11-06 17:29:44,836 INFO     ___FILE_ONLY___ ═
2020-11-06 17:29:44,837 INFO     ___FILE_ONLY___ ═
2020-11-06 17:29:44,837 INFO     ___FILE_ONLY___ ═
2020-11-06 17:29:44,838 INFO     ___FILE_ONLY___ ═
2020-11-06 17:29:44,838 INFO     ___FILE_ONLY___ ═
2020-11-06 17:29:44,838 INFO     ___FILE_ONLY___ ═
2020-11-06 17:29:44,839 INFO     ___FILE_ONLY___ ═
2020-11-06 17:29:44,839 INFO     ___FILE_ONLY___ ═
2020-11-06 17:29:44,840 INFO     ___FILE_ONLY___ ═
2020-11-06 17:29:44,840 INFO     ___FILE_ONLY___ ═
2020-11-06 17:29:44,840 INFO     ___FILE_ONLY___ ═
2020-11-06 17:29:44,841 INFO     ___FILE_ONLY___ ═
2020-11-06 17:29:44,841 INFO     ___FILE_ONLY___ ═
2020-11-06 17:29:44,841 INFO     ___FILE_ONLY___ ═
2020-11-06 17:29:44,842 INFO     ___FILE_ONLY___ ═
2020-11-06 17:29:44,842 INFO     ___FILE_ONLY___ ═
2020-11-06 17:29:44,842 INFO     ___FILE_ONLY___ ═
2020-11-06 17:29:44,843 INFO     ___FILE_ONLY___ ═
2020-11-06 17:29:44,845 INFO     ___FILE_ONLY___ ═
2020-11-06 17:29:44,900 INFO     ___FILE_ONLY___ ═
2020-11-06 17:29:44,907 INFO     ___FILE_ONLY___ ═
2020-11-06 17:29:44,910 INFO     ___FILE_ONLY___ ═
2020-11-06 17:29:44,913 INFO     ___FILE_ONLY___ ═
2020-11-06 17:29:44,915 INFO     ___FILE_ONLY___ ═
2020-11-06 17:29:44,918 INFO     ___FILE_ONLY___ ═
2020-11-06 17:29:44,921 INFO     ___FILE_ONLY___ ═
2020-11-06 17:29:44,923 INFO     ___FILE_ONLY___ ═
2020-11-06 17:29:44,925 INFO     ___FILE_ONLY___ ═
2020-11-06 17:29:44,928 INFO     ___FILE_ONLY___ ═
2020-11-06 17:29:44,934 INFO     ___FILE_ONLY___ ═
2020-11-06 17:29:44,936 INFO     ___FILE_ONLY___ ═
2020-11-06 17:29:44,939 INFO     ___FILE_ONLY___ ═
2020-11-06 17:29:44,941 INFO     ___FILE_ONLY___ ═
2020-11-06 17:29:44,943 INFO     ___FILE_ONLY___ ═
2020-11-06 17:29:44,945 INFO     ___FILE_ONLY___ ═
2020-11-06 17:29:44,947 INFO     ___FILE_ONLY___ ═
2020-11-06 17:29:44,950 INFO     ___FILE_ONLY___ ═
2020-11-06 17:29:44,952 INFO     ___FILE_ONLY___ ═
2020-11-06 17:29:44,955 INFO     ___FILE_ONLY___ ═
2020-11-06 17:29:44,957 INFO     ___FILE_ONLY___ ═
2020-11-06 17:29:44,959 INFO     ___FILE_ONLY___ ═
2020-11-06 17:29:44,962 INFO     ___FILE_ONLY___ ═
2020-11-06 17:29:44,964 INFO     ___FILE_ONLY___ ═
2020-11-06 17:29:44,967 INFO     ___FILE_ONLY___ ═
2020-11-06 17:29:44,969 INFO     ___FILE_ONLY___ ═
2020-11-06 17:29:44,972 INFO     ___FILE_ONLY___ ═
2020-11-06 17:29:44,974 INFO     ___FILE_ONLY___ ═
2020-11-06 17:29:44,976 INFO     ___FILE_ONLY___ ═
2020-11-06 17:29:44,979 INFO     ___FILE_ONLY___ ═
2020-11-06 17:29:44,979 INFO     ___FILE_ONLY___ ╝

2020-11-06 17:29:44,994 INFO     ___FILE_ONLY___ ╔════════════════════════════════════════════════════════════╗

2020-11-06 17:29:44,994 INFO     ___FILE_ONLY___ ╠═ Installing: BigQuery Command Line Tool (Platform Spec... ═╣

2020-11-06 17:29:44,994 INFO     ___FILE_ONLY___ ╚
2020-11-06 17:29:45,033 INFO     ___FILE_ONLY___ ══════════════════════════════
2020-11-06 17:29:45,035 INFO     ___FILE_ONLY___ ══════════════════════════════
2020-11-06 17:29:45,035 INFO     ___FILE_ONLY___ ╝

2020-11-06 17:29:45,045 INFO     ___FILE_ONLY___ ╔════════════════════════════════════════════════════════════╗

2020-11-06 17:29:45,045 INFO     ___FILE_ONLY___ ╠═ Installing: Cloud SDK Core Libraries (Platform Specific) ═╣

2020-11-06 17:29:45,045 INFO     ___FILE_ONLY___ ╚
2020-11-06 17:29:45,154 INFO     ___FILE_ONLY___ ══════════════════════════════
2020-11-06 17:29:45,155 INFO     ___FILE_ONLY___ ═══════════════
2020-11-06 17:29:45,156 INFO     ___FILE_ONLY___ ═══════════════
2020-11-06 17:29:45,156 INFO     ___FILE_ONLY___ ╝

2020-11-06 17:29:45,166 INFO     ___FILE_ONLY___ ╔════════════════════════════════════════════════════════════╗

2020-11-06 17:29:45,166 INFO     ___FILE_ONLY___ ╠═ Installing: Cloud Storage Command Line Tool              ═╣

2020-11-06 17:29:45,166 INFO     ___FILE_ONLY___ ╚
2020-11-06 17:29:45,276 INFO     ___FILE_ONLY___ ═
2020-11-06 17:29:45,278 INFO     ___FILE_ONLY___ ═
2020-11-06 17:29:45,279 INFO     ___FILE_ONLY___ ═
2020-11-06 17:29:45,281 INFO     ___FILE_ONLY___ ═
2020-11-06 17:29:45,282 INFO     ___FILE_ONLY___ ═
2020-11-06 17:29:45,283 INFO     ___FILE_ONLY___ ═
2020-11-06 17:29:45,284 INFO     ___FILE_ONLY___ ═
2020-11-06 17:29:45,286 INFO     ___FILE_ONLY___ ═
2020-11-06 17:29:45,287 INFO     ___FILE_ONLY___ ═
2020-11-06 17:29:45,288 INFO     ___FILE_ONLY___ ═
2020-11-06 17:29:45,289 INFO     ___FILE_ONLY___ ═
2020-11-06 17:29:45,291 INFO     ___FILE_ONLY___ ═
2020-11-06 17:29:45,292 INFO     ___FILE_ONLY___ ═
2020-11-06 17:29:45,293 INFO     ___FILE_ONLY___ ═
2020-11-06 17:29:45,294 INFO     ___FILE_ONLY___ ═
2020-11-06 17:29:45,295 INFO     ___FILE_ONLY___ ═
2020-11-06 17:29:45,296 INFO     ___FILE_ONLY___ ═
2020-11-06 17:29:45,297 INFO     ___FILE_ONLY___ ═
2020-11-06 17:29:45,297 INFO     ___FILE_ONLY___ ═
2020-11-06 17:29:45,298 INFO     ___FILE_ONLY___ ═
2020-11-06 17:29:45,298 INFO     ___FILE_ONLY___ ═
2020-11-06 17:29:45,299 INFO     ___FILE_ONLY___ ═
2020-11-06 17:29:45,299 INFO     ___FILE_ONLY___ ═
2020-11-06 17:29:45,300 INFO     ___FILE_ONLY___ ═
2020-11-06 17:29:45,300 INFO     ___FILE_ONLY___ ═
2020-11-06 17:29:45,301 INFO     ___FILE_ONLY___ ═
2020-11-06 17:29:45,301 INFO     ___FILE_ONLY___ ═
2020-11-06 17:29:45,302 INFO     ___FILE_ONLY___ ═
2020-11-06 17:29:45,302 INFO     ___FILE_ONLY___ ═
2020-11-06 17:29:45,305 INFO     ___FILE_ONLY___ ═
2020-11-06 17:29:45,591 INFO     ___FILE_ONLY___ ═
2020-11-06 17:29:45,612 INFO     ___FILE_ONLY___ ═
2020-11-06 17:29:45,625 INFO     ___FILE_ONLY___ ═
2020-11-06 17:29:45,643 INFO     ___FILE_ONLY___ ═
2020-11-06 17:29:45,657 INFO     ___FILE_ONLY___ ═
2020-11-06 17:29:45,671 INFO     ___FILE_ONLY___ ═
2020-11-06 17:29:45,683 INFO     ___FILE_ONLY___ ═
2020-11-06 17:29:45,696 INFO     ___FILE_ONLY___ ═
2020-11-06 17:29:45,707 INFO     ___FILE_ONLY___ ═
2020-11-06 17:29:45,721 INFO     ___FILE_ONLY___ ═
2020-11-06 17:29:45,733 INFO     ___FILE_ONLY___ ═
2020-11-06 17:29:45,748 INFO     ___FILE_ONLY___ ═
2020-11-06 17:29:45,768 INFO     ___FILE_ONLY___ ═
2020-11-06 17:29:45,790 INFO     ___FILE_ONLY___ ═
2020-11-06 17:29:45,805 INFO     ___FILE_ONLY___ ═
2020-11-06 17:29:45,824 INFO     ___FILE_ONLY___ ═
2020-11-06 17:29:45,840 INFO     ___FILE_ONLY___ ═
2020-11-06 17:29:45,858 INFO     ___FILE_ONLY___ ═
2020-11-06 17:29:45,877 INFO     ___FILE_ONLY___ ═
2020-11-06 17:29:45,893 INFO     ___FILE_ONLY___ ═
2020-11-06 17:29:45,906 INFO     ___FILE_ONLY___ ═
2020-11-06 17:29:45,919 INFO     ___FILE_ONLY___ ═
2020-11-06 17:29:45,932 INFO     ___FILE_ONLY___ ═
2020-11-06 17:29:45,946 INFO     ___FILE_ONLY___ ═
2020-11-06 17:29:45,958 INFO     ___FILE_ONLY___ ═
2020-11-06 17:29:45,970 INFO     ___FILE_ONLY___ ═
2020-11-06 17:29:45,982 INFO     ___FILE_ONLY___ ═
2020-11-06 17:29:45,993 INFO     ___FILE_ONLY___ ═
2020-11-06 17:29:46,014 INFO     ___FILE_ONLY___ ═
2020-11-06 17:29:46,033 INFO     ___FILE_ONLY___ ═
2020-11-06 17:29:46,033 INFO     ___FILE_ONLY___ ╝

2020-11-06 17:29:46,091 INFO     ___FILE_ONLY___ ╔════════════════════════════════════════════════════════════╗

2020-11-06 17:29:46,092 INFO     ___FILE_ONLY___ ╠═ Installing: Cloud Storage Command Line Tool (Platform... ═╣

2020-11-06 17:29:46,092 INFO     ___FILE_ONLY___ ╚
2020-11-06 17:29:46,199 INFO     ___FILE_ONLY___ ══════════════════════════════
2020-11-06 17:29:46,200 INFO     ___FILE_ONLY___ ══════════════════════════════
2020-11-06 17:29:46,200 INFO     ___FILE_ONLY___ ╝

2020-11-06 17:29:46,210 INFO     ___FILE_ONLY___ ╔════════════════════════════════════════════════════════════╗

2020-11-06 17:29:46,211 INFO     ___FILE_ONLY___ ╠═ Installing: Default set of gcloud commands               ═╣

2020-11-06 17:29:46,211 INFO     ___FILE_ONLY___ ╚
2020-11-06 17:29:46,216 INFO     ___FILE_ONLY___ ════════════════════════════════════════════════════════════
2020-11-06 17:29:46,216 INFO     ___FILE_ONLY___ ╝

2020-11-06 17:29:46,221 INFO     ___FILE_ONLY___ ╔════════════════════════════════════════════════════════════╗

2020-11-06 17:29:46,221 INFO     ___FILE_ONLY___ ╠═ Installing: Kuberun                                      ═╣

2020-11-06 17:29:46,221 INFO     ___FILE_ONLY___ ╚
2020-11-06 17:29:46,351 INFO     ___FILE_ONLY___ ═
2020-11-06 17:29:46,359 INFO     ___FILE_ONLY___ ═
2020-11-06 17:29:46,366 INFO     ___FILE_ONLY___ ═
2020-11-06 17:29:46,370 INFO     ___FILE_ONLY___ ═
2020-11-06 17:29:46,374 INFO     ___FILE_ONLY___ ═
2020-11-06 17:29:46,377 INFO     ___FILE_ONLY___ ═
2020-11-06 17:29:46,381 INFO     ___FILE_ONLY___ ═
2020-11-06 17:29:46,385 INFO     ___FILE_ONLY___ ═
2020-11-06 17:29:46,388 INFO     ___FILE_ONLY___ ═
2020-11-06 17:29:46,391 INFO     ___FILE_ONLY___ ═
2020-11-06 17:29:46,443 INFO     ___FILE_ONLY___ ═
2020-11-06 17:29:46,471 INFO     ___FILE_ONLY___ ═
2020-11-06 17:29:46,483 INFO     ___FILE_ONLY___ ═
2020-11-06 17:29:46,489 INFO     ___FILE_ONLY___ ═
2020-11-06 17:29:46,493 INFO     ___FILE_ONLY___ ═
2020-11-06 17:29:46,496 INFO     ___FILE_ONLY___ ═
2020-11-06 17:29:46,535 INFO     ___FILE_ONLY___ ═
2020-11-06 17:29:46,549 INFO     ___FILE_ONLY___ ═
2020-11-06 17:29:46,557 INFO     ___FILE_ONLY___ ═
2020-11-06 17:29:46,561 INFO     ___FILE_ONLY___ ═
2020-11-06 17:29:46,564 INFO     ___FILE_ONLY___ ═
2020-11-06 17:29:46,597 INFO     ___FILE_ONLY___ ═
2020-11-06 17:29:46,617 INFO     ___FILE_ONLY___ ═
2020-11-06 17:29:46,627 INFO     ___FILE_ONLY___ ═
2020-11-06 17:29:46,632 INFO     ___FILE_ONLY___ ═
2020-11-06 17:29:46,635 INFO     ___FILE_ONLY___ ═
2020-11-06 17:29:46,657 INFO     ___FILE_ONLY___ ═
2020-11-06 17:29:46,687 INFO     ___FILE_ONLY___ ═
2020-11-06 17:29:46,699 INFO     ___FILE_ONLY___ ═
2020-11-06 17:29:46,731 INFO     ___FILE_ONLY___ ═
2020-11-06 17:29:47,617 INFO     ___FILE_ONLY___ ══════════════════════════════
2020-11-06 17:29:47,617 INFO     ___FILE_ONLY___ ╝

2020-11-06 17:29:47,631 INFO     ___FILE_ONLY___ ╔════════════════════════════════════════════════════════════╗

2020-11-06 17:29:47,632 INFO     ___FILE_ONLY___ ╠═ Installing: Kuberun                                      ═╣

2020-11-06 17:29:47,632 INFO     ___FILE_ONLY___ ╚
2020-11-06 17:29:47,637 INFO     ___FILE_ONLY___ ════════════════════════════════════════════════════════════
2020-11-06 17:29:47,637 INFO     ___FILE_ONLY___ ╝

2020-11-06 17:29:47,642 INFO     ___FILE_ONLY___ ╔════════════════════════════════════════════════════════════╗

2020-11-06 17:29:47,642 INFO     ___FILE_ONLY___ ╠═ Installing: anthoscli                                    ═╣

2020-11-06 17:29:47,642 INFO     ___FILE_ONLY___ ╚
2020-11-06 17:29:47,776 INFO     ___FILE_ONLY___ ═
2020-11-06 17:29:47,784 INFO     ___FILE_ONLY___ ═
2020-11-06 17:29:47,790 INFO     ___FILE_ONLY___ ═
2020-11-06 17:29:47,796 INFO     ___FILE_ONLY___ ═
2020-11-06 17:29:47,803 INFO     ___FILE_ONLY___ ═
2020-11-06 17:29:47,809 INFO     ___FILE_ONLY___ ═
2020-11-06 17:29:47,815 INFO     ___FILE_ONLY___ ═
2020-11-06 17:29:47,822 INFO     ___FILE_ONLY___ ═
2020-11-06 17:29:47,828 INFO     ___FILE_ONLY___ ═
2020-11-06 17:29:47,834 INFO     ___FILE_ONLY___ ═
2020-11-06 17:29:47,841 INFO     ___FILE_ONLY___ ═
2020-11-06 17:29:47,847 INFO     ___FILE_ONLY___ ═
2020-11-06 17:29:47,853 INFO     ___FILE_ONLY___ ═
2020-11-06 17:29:47,860 INFO     ___FILE_ONLY___ ═
2020-11-06 17:29:47,866 INFO     ___FILE_ONLY___ ═
2020-11-06 17:29:47,872 INFO     ___FILE_ONLY___ ═
2020-11-06 17:29:47,879 INFO     ___FILE_ONLY___ ═
2020-11-06 17:29:47,885 INFO     ___FILE_ONLY___ ═
2020-11-06 17:29:47,891 INFO     ___FILE_ONLY___ ═
2020-11-06 17:29:47,898 INFO     ___FILE_ONLY___ ═
2020-11-06 17:29:47,904 INFO     ___FILE_ONLY___ ═
2020-11-06 17:29:47,910 INFO     ___FILE_ONLY___ ═
2020-11-06 17:29:47,917 INFO     ___FILE_ONLY___ ═
2020-11-06 17:29:47,923 INFO     ___FILE_ONLY___ ═
2020-11-06 17:29:47,930 INFO     ___FILE_ONLY___ ═
2020-11-06 17:29:47,936 INFO     ___FILE_ONLY___ ═
2020-11-06 17:29:47,942 INFO     ___FILE_ONLY___ ═
2020-11-06 17:29:47,949 INFO     ___FILE_ONLY___ ═
2020-11-06 17:29:47,955 INFO     ___FILE_ONLY___ ═
2020-11-06 17:29:47,963 INFO     ___FILE_ONLY___ ═
2020-11-06 17:29:49,937 INFO     ___FILE_ONLY___ ══════════
2020-11-06 17:29:49,942 INFO     ___FILE_ONLY___ ═════════
2020-11-06 17:29:49,965 INFO     ___FILE_ONLY___ ═══════════
2020-11-06 17:29:49,965 INFO     ___FILE_ONLY___ ╝

2020-11-06 17:29:49,984 INFO     ___FILE_ONLY___ ╔════════════════════════════════════════════════════════════╗

2020-11-06 17:29:49,984 INFO     ___FILE_ONLY___ ╠═ Installing: anthoscli                                    ═╣

2020-11-06 17:29:49,984 INFO     ___FILE_ONLY___ ╚
2020-11-06 17:29:49,990 INFO     ___FILE_ONLY___ ════════════════════════════════════════════════════════════
2020-11-06 17:29:49,990 INFO     ___FILE_ONLY___ ╝

2020-11-06 17:29:49,994 INFO     ___FILE_ONLY___ ╔════════════════════════════════════════════════════════════╗

2020-11-06 17:29:49,995 INFO     ___FILE_ONLY___ ╠═ Installing: gcloud cli dependencies                      ═╣

2020-11-06 17:29:49,995 INFO     ___FILE_ONLY___ ╚
2020-11-06 17:29:50,032 INFO     ___FILE_ONLY___ ══════════════════════════════
2020-11-06 17:29:50,033 INFO     ___FILE_ONLY___ ══════
2020-11-06 17:29:50,033 INFO     ___FILE_ONLY___ ══════
2020-11-06 17:29:50,034 INFO     ___FILE_ONLY___ ══════
2020-11-06 17:29:50,034 INFO     ___FILE_ONLY___ ══════
2020-11-06 17:29:50,034 INFO     ___FILE_ONLY___ ══════
2020-11-06 17:29:50,034 INFO     ___FILE_ONLY___ ╝

2020-11-06 17:29:50,045 INFO     ___FILE_ONLY___ ╔════════════════════════════════════════════════════════════╗

2020-11-06 17:29:50,045 INFO     ___FILE_ONLY___ ╠═ Creating backup and activating new installation          ═╣

2020-11-06 17:29:50,045 INFO     ___FILE_ONLY___ ╚
2020-11-06 17:29:50,046 DEBUG    root            Attempting to move directory [/tools/google-cloud-sdk] to [/tools/google-cloud-sdk.staging/.install/.backup]
2020-11-06 17:29:50,046 INFO     ___FILE_ONLY___ ══════════════════════════════
2020-11-06 17:29:50,046 DEBUG    root            Attempting to move directory [/tools/google-cloud-sdk.staging] to [/tools/google-cloud-sdk]
2020-11-06 17:29:50,046 INFO     ___FILE_ONLY___ ══════════════════════════════
2020-11-06 17:29:50,046 INFO     ___FILE_ONLY___ ╝

2020-11-06 17:29:50,052 DEBUG    root            Updating notification cache...
2020-11-06 17:29:50,052 INFO     ___FILE_ONLY___ 

2020-11-06 17:29:50,057 INFO     ___FILE_ONLY___ Performing post processing steps...
2020-11-06 17:29:50,058 DEBUG    root            Executing command: ['python3', '-S', '/tools/google-cloud-sdk/lib/gcloud.py', 'components', 'post-process']
2020-11-06 17:30:04,732 DEBUG    ___FILE_ONLY___ 
2020-11-06 17:30:04,732 DEBUG    ___FILE_ONLY___ 
2020-11-06 17:30:04,831 INFO     ___FILE_ONLY___ 
Update done!


2020-11-06 17:30:04,836 INFO     root            Display format: "none"
