2020-11-06 17:30:05,535 DEBUG    root            Loaded Command Group: ['gcloud', 'components']
2020-11-06 17:30:05,538 DEBUG    root            Loaded Command Group: ['gcloud', 'components', 'update']
2020-11-06 17:30:05,542 DEBUG    root            Running [gcloud.components.update] with arguments: [--quiet: "True", COMPONENT-IDS:8: "['gcloud', 'core', 'bq', 'gsutil', 'compute', 'preview', 'alpha', 'beta']"]
2020-11-06 17:30:05,610 WARNING  root            Component [preview] no longer exists.
2020-11-06 17:30:05,611 WARNING  root            Component [compute] no longer exists.
2020-11-06 17:30:05,612 INFO     ___FILE_ONLY___ 

2020-11-06 17:30:05,613 INFO     ___FILE_ONLY___ 
Your current Cloud SDK version is: 317.0.0

2020-11-06 17:30:05,613 INFO     ___FILE_ONLY___ Installing components from version: 317.0.0

2020-11-06 17:30:05,613 INFO     ___FILE_ONLY___ 

2020-11-06 17:30:05,617 INFO     ___FILE_ONLY___ ┌──────────────────────────────────────────────┐
2020-11-06 17:30:05,617 INFO     ___FILE_ONLY___ 

2020-11-06 17:30:05,617 INFO     ___FILE_ONLY___ │     These components will be installed.      │
2020-11-06 17:30:05,618 INFO     ___FILE_ONLY___ 

2020-11-06 17:30:05,618 INFO     ___FILE_ONLY___ ├───────────────────────┬────────────┬─────────┤
2020-11-06 17:30:05,618 INFO     ___FILE_ONLY___ 

2020-11-06 17:30:05,618 INFO     ___FILE_ONLY___ │          Name         │  Version   │   Size  │
2020-11-06 17:30:05,618 INFO     ___FILE_ONLY___ 

2020-11-06 17:30:05,618 INFO     ___FILE_ONLY___ ├───────────────────────┼────────────┼─────────┤
2020-11-06 17:30:05,618 INFO     ___FILE_ONLY___ 

2020-11-06 17:30:05,618 INFO     ___FILE_ONLY___ │ 
2020-11-06 17:30:05,619 INFO     ___FILE_ONLY___ gcloud Alpha Commands
2020-11-06 17:30:05,619 INFO     ___FILE_ONLY___  
2020-11-06 17:30:05,619 INFO     ___FILE_ONLY___ │ 
2020-11-06 17:30:05,619 INFO     ___FILE_ONLY___ 2019.05.17
2020-11-06 17:30:05,619 INFO     ___FILE_ONLY___  
2020-11-06 17:30:05,619 INFO     ___FILE_ONLY___ │ 
2020-11-06 17:30:05,619 INFO     ___FILE_ONLY___ < 1 MiB
2020-11-06 17:30:05,619 INFO     ___FILE_ONLY___  
2020-11-06 17:30:05,619 INFO     ___FILE_ONLY___ │
2020-11-06 17:30:05,620 INFO     ___FILE_ONLY___ 

2020-11-06 17:30:05,620 INFO     ___FILE_ONLY___ │ 
2020-11-06 17:30:05,620 INFO     ___FILE_ONLY___ gcloud Beta Commands 
2020-11-06 17:30:05,620 INFO     ___FILE_ONLY___  
2020-11-06 17:30:05,620 INFO     ___FILE_ONLY___ │ 
2020-11-06 17:30:05,620 INFO     ___FILE_ONLY___ 2019.05.17
2020-11-06 17:30:05,620 INFO     ___FILE_ONLY___  
2020-11-06 17:30:05,620 INFO     ___FILE_ONLY___ │ 
2020-11-06 17:30:05,620 INFO     ___FILE_ONLY___ < 1 MiB
2020-11-06 17:30:05,621 INFO     ___FILE_ONLY___  
2020-11-06 17:30:05,621 INFO     ___FILE_ONLY___ │
2020-11-06 17:30:05,621 INFO     ___FILE_ONLY___ 

2020-11-06 17:30:05,621 INFO     ___FILE_ONLY___ └───────────────────────┴────────────┴─────────┘
2020-11-06 17:30:05,621 INFO     ___FILE_ONLY___ 

2020-11-06 17:30:05,621 INFO     ___FILE_ONLY___ 

2020-11-06 17:30:05,737 INFO     ___FILE_ONLY___ For the latest full release notes, please visit:
  https://cloud.google.com/sdk/release_notes


2020-11-06 17:30:05,742 INFO     ___FILE_ONLY___ ╔════════════════════════════════════════════════════════════╗

2020-11-06 17:30:05,743 INFO     ___FILE_ONLY___ ╠═ Creating update staging area                             ═╣

2020-11-06 17:30:05,743 INFO     ___FILE_ONLY___ ╚
2020-11-06 17:30:05,743 INFO     ___FILE_ONLY___ ══════
2020-11-06 17:30:06,193 INFO     ___FILE_ONLY___ ══════
2020-11-06 17:30:06,193 INFO     ___FILE_ONLY___ ══════
2020-11-06 17:30:06,719 INFO     ___FILE_ONLY___ ═
2020-11-06 17:30:06,757 INFO     ___FILE_ONLY___ ═
2020-11-06 17:30:06,805 INFO     ___FILE_ONLY___ ═
2020-11-06 17:30:06,846 INFO     ___FILE_ONLY___ ═
2020-11-06 17:30:06,883 INFO     ___FILE_ONLY___ ═
2020-11-06 17:30:06,925 INFO     ___FILE_ONLY___ ═
2020-11-06 17:30:06,977 INFO     ___FILE_ONLY___ ═
2020-11-06 17:30:07,012 INFO     ___FILE_ONLY___ ═
2020-11-06 17:30:07,056 INFO     ___FILE_ONLY___ ═
2020-11-06 17:30:07,088 INFO     ___FILE_ONLY___ ═
2020-11-06 17:30:07,117 INFO     ___FILE_ONLY___ ═
2020-11-06 17:30:07,154 INFO     ___FILE_ONLY___ ═
2020-11-06 17:30:07,222 INFO     ___FILE_ONLY___ ═
2020-11-06 17:30:07,265 INFO     ___FILE_ONLY___ ═
2020-11-06 17:30:07,313 INFO     ___FILE_ONLY___ ═
2020-11-06 17:30:07,360 INFO     ___FILE_ONLY___ ═
2020-11-06 17:30:07,401 INFO     ___FILE_ONLY___ ═
2020-11-06 17:30:07,439 INFO     ___FILE_ONLY___ ═
2020-11-06 17:30:07,483 INFO     ___FILE_ONLY___ ═
2020-11-06 17:30:07,528 INFO     ___FILE_ONLY___ ═
2020-11-06 17:30:07,582 INFO     ___FILE_ONLY___ ═
2020-11-06 17:30:07,619 INFO     ___FILE_ONLY___ ═
2020-11-06 17:30:07,660 INFO     ___FILE_ONLY___ ═
2020-11-06 17:30:07,725 INFO     ___FILE_ONLY___ ═
2020-11-06 17:30:07,769 INFO     ___FILE_ONLY___ ═
2020-11-06 17:30:07,843 INFO     ___FILE_ONLY___ ═
2020-11-06 17:30:07,877 INFO     ___FILE_ONLY___ ═
2020-11-06 17:30:07,920 INFO     ___FILE_ONLY___ ═
2020-11-06 17:30:07,957 INFO     ___FILE_ONLY___ ═
2020-11-06 17:30:08,001 INFO     ___FILE_ONLY___ ═
2020-11-06 17:30:08,068 INFO     ___FILE_ONLY___ ═
2020-11-06 17:30:08,105 INFO     ___FILE_ONLY___ ═
2020-11-06 17:30:08,147 INFO     ___FILE_ONLY___ ═
2020-11-06 17:30:08,187 INFO     ___FILE_ONLY___ ═
2020-11-06 17:30:08,228 INFO     ___FILE_ONLY___ ═
2020-11-06 17:30:08,269 INFO     ___FILE_ONLY___ ═
2020-11-06 17:30:08,307 INFO     ___FILE_ONLY___ ═
2020-11-06 17:30:08,351 INFO     ___FILE_ONLY___ ═
2020-11-06 17:30:08,389 INFO     ___FILE_ONLY___ ═
2020-11-06 17:30:08,444 INFO     ___FILE_ONLY___ ═
2020-11-06 17:30:08,497 INFO     ___FILE_ONLY___ ═
2020-11-06 17:30:08,562 INFO     ___FILE_ONLY___ ═
2020-11-06 17:30:08,563 INFO     ___FILE_ONLY___ ╝

2020-11-06 17:30:10,438 INFO     ___FILE_ONLY___ ╔════════════════════════════════════════════════════════════╗

2020-11-06 17:30:10,439 INFO     ___FILE_ONLY___ ╠═ Installing: gcloud Alpha Commands                        ═╣

2020-11-06 17:30:10,439 INFO     ___FILE_ONLY___ ╚
2020-11-06 17:30:10,546 INFO     ___FILE_ONLY___ ══════════════════════════════
2020-11-06 17:30:10,548 INFO     ___FILE_ONLY___ ═══════
2020-11-06 17:30:10,548 INFO     ___FILE_ONLY___ ════════
2020-11-06 17:30:10,549 INFO     ___FILE_ONLY___ ═══════
2020-11-06 17:30:10,549 INFO     ___FILE_ONLY___ ════════
2020-11-06 17:30:10,549 INFO     ___FILE_ONLY___ ╝

2020-11-06 17:30:10,560 INFO     ___FILE_ONLY___ ╔════════════════════════════════════════════════════════════╗

2020-11-06 17:30:10,561 INFO     ___FILE_ONLY___ ╠═ Installing: gcloud Beta Commands                         ═╣

2020-11-06 17:30:10,561 INFO     ___FILE_ONLY___ ╚
2020-11-06 17:30:10,606 INFO     ___FILE_ONLY___ ══════════════════════════════
2020-11-06 17:30:10,607 INFO     ___FILE_ONLY___ ═══════
2020-11-06 17:30:10,608 INFO     ___FILE_ONLY___ ════════
2020-11-06 17:30:10,608 INFO     ___FILE_ONLY___ ═══════
2020-11-06 17:30:10,608 INFO     ___FILE_ONLY___ ════════
2020-11-06 17:30:10,608 INFO     ___FILE_ONLY___ ╝

2020-11-06 17:30:10,618 INFO     ___FILE_ONLY___ ╔════════════════════════════════════════════════════════════╗

2020-11-06 17:30:10,618 INFO     ___FILE_ONLY___ ╠═ Creating backup and activating new installation          ═╣

2020-11-06 17:30:10,619 INFO     ___FILE_ONLY___ ╚
2020-11-06 17:30:10,619 DEBUG    root            Attempting to move directory [/tools/google-cloud-sdk] to [/tools/google-cloud-sdk.staging/.install/.backup]
2020-11-06 17:30:10,619 INFO     ___FILE_ONLY___ ══════════════════════════════
2020-11-06 17:30:10,619 DEBUG    root            Attempting to move directory [/tools/google-cloud-sdk.staging] to [/tools/google-cloud-sdk]
2020-11-06 17:30:10,619 INFO     ___FILE_ONLY___ ══════════════════════════════
2020-11-06 17:30:10,620 INFO     ___FILE_ONLY___ ╝

2020-11-06 17:30:10,625 DEBUG    root            Updating notification cache...
2020-11-06 17:30:10,625 INFO     ___FILE_ONLY___ 

2020-11-06 17:30:10,629 INFO     ___FILE_ONLY___ Performing post processing steps...
2020-11-06 17:30:10,630 DEBUG    root            Executing command: ['python3', '-S', '/tools/google-cloud-sdk/lib/gcloud.py', 'components', 'post-process']
2020-11-06 17:30:25,631 DEBUG    ___FILE_ONLY___ 
2020-11-06 17:30:25,631 DEBUG    ___FILE_ONLY___ 
2020-11-06 17:30:25,653 INFO     ___FILE_ONLY___ 
Update done!


2020-11-06 17:30:25,658 INFO     root            Display format: "none"
